This is pdfTeX, Version 3.14159265-2.6-1.40.20 (TeX Live 2019/Debian) (preloaded format=pdflatex 2022.3.31)  19 JUN 2022 14:54
entering extended mode
 restricted \write18 enabled.
 %&-line parsing enabled.
**bridges2-cribsheet.tex
(./bridges2-cribsheet.tex
LaTeX2e <2020-02-02> patch level 2
L3 programming layer <2020-02-14>
(/usr/share/texlive/texmf-dist/tex/latex/base/article.cls
Document Class: article 2019/12/20 v1.4l Standard LaTeX document class
(/usr/share/texlive/texmf-dist/tex/latex/base/size10.clo
File: size10.clo 2019/12/20 v1.4l Standard LaTeX file (size option)
)
\c@part=\count167
\c@section=\count168
\c@subsection=\count169
\c@subsubsection=\count170
\c@paragraph=\count171
\c@subparagraph=\count172
\c@figure=\count173
\c@table=\count174
\abovecaptionskip=\skip47
\belowcaptionskip=\skip48
\bibindent=\dimen134
) (./epcc.sty
EPCC's LaTeX 2e local style file $Revision: 1.1 $ $Date: 2013/02/12 15:54:44 $
(/usr/share/texlive/texmf-dist/tex/latex/psnfss/times.sty
Package: times 2005/04/12 PSNFSS-v9.2a (SPQR) 
)
(/usr/share/texlive/texmf-dist/tex/latex/base/t1enc.sty
Package: t1enc 1994/06/01 Standard LaTeX package
)
\p@perwidth=\skip49
\p@perlength=\skip50
\mainsize=\skip51
\leftsidemargin=\skip52
\leftsideshift=\skip53
\rightsidemargin=\skip54
\rightsideshift=\skip55
\headsidemargin=\skip56
\footsidemargin=\skip57
\footheight=\skip58
 (./fancyheadings.sty
\headrulewidth=\dimen135
\footrulewidth=\dimen136
\plainheadrulewidth=\dimen137
\plainfootrulewidth=\dimen138
\headwidth=\dimen139
\footruleskip=\dimen140
)
\pagerulewidth=\dimen141
\@pcclines=\count175
\@pcclinemax=\count176
\headexcess=\dimen142
\c@codeseg=\count177

(/usr/share/texlive/texmf-dist/tex/latex/graphics/graphics.sty
Package: graphics 2019/11/30 v1.4a Standard LaTeX Graphics (DPC,SPQR)

(/usr/share/texlive/texmf-dist/tex/latex/graphics/trig.sty
Package: trig 2016/01/03 v1.10 sin cos tan (DPC)
)
(/usr/share/texlive/texmf-dist/tex/latex/graphics-cfg/graphics.cfg
File: graphics.cfg 2016/06/04 v1.11 sample graphics configuration
)
Package graphics Info: Driver file: pdftex.def on input line 105.

(/usr/share/texlive/texmf-dist/tex/latex/graphics-def/pdftex.def
File: pdftex.def 2018/01/08 v1.0l Graphics/color driver for pdftex
))
\t@bSkip=\dimen143
\reverseT@bSkip=\dimen144
\hh=\count178
\mm=\count179
RCSident: $Id: epcc.sty,v 1.1 2013/02/12 15:54:44 dsh Exp $
)
(/usr/share/texlive/texmf-dist/tex/latex/l3backend/l3backend-pdfmode.def
File: l3backend-pdfmode.def 2020-02-03 L3 backend support: PDF mode
\l__kernel_color_stack_int=\count180
\l__pdf_internal_box=\box45
)
(./bridges2-cribsheet.aux)
\openout1 = `bridges2-cribsheet.aux'.

LaTeX Font Info:    Checking defaults for OML/cmm/m/it on input line 5.
LaTeX Font Info:    ... okay on input line 5.
LaTeX Font Info:    Checking defaults for OMS/cmsy/m/n on input line 5.
LaTeX Font Info:    ... okay on input line 5.
LaTeX Font Info:    Checking defaults for OT1/cmr/m/n on input line 5.
LaTeX Font Info:    ... okay on input line 5.
LaTeX Font Info:    Checking defaults for T1/cmr/m/n on input line 5.
LaTeX Font Info:    ... okay on input line 5.
LaTeX Font Info:    Checking defaults for TS1/cmr/m/n on input line 5.
LaTeX Font Info:    ... okay on input line 5.
LaTeX Font Info:    Checking defaults for OMX/cmex/m/n on input line 5.
LaTeX Font Info:    ... okay on input line 5.
LaTeX Font Info:    Checking defaults for U/cmr/m/n on input line 5.
LaTeX Font Info:    ... okay on input line 5.
LaTeX Font Info:    Trying to load font information for T1+ptm on input line 5.


(/usr/share/texlive/texmf-dist/tex/latex/psnfss/t1ptm.fd
File: t1ptm.fd 2001/06/04 font definitions for T1/ptm.
)
(/usr/share/texlive/texmf-dist/tex/context/base/mkii/supp-pdf.mkii
[Loading MPS to PDF converter (version 2006.09.02).]
\scratchcounter=\count181
\scratchdimen=\dimen145
\scratchbox=\box46
\nofMPsegments=\count182
\nofMParguments=\count183
\everyMPshowfont=\toks14
\MPscratchCnt=\count184
\MPscratchDim=\dimen146
\MPnumerator=\count185
\makeMPintoPDFobject=\count186
\everyMPtoPDFconversion=\toks15
) (/usr/share/texlive/texmf-dist/tex/latex/epstopdf-pkg/epstopdf-base.sty
Package: epstopdf-base 2020-01-24 v2.11 Base part for package epstopdf
Package epstopdf-base Info: Redefining graphics rule for `.eps' on input line 4
85.

(/usr/share/texlive/texmf-dist/tex/latex/latexconfig/epstopdf-sys.cfg
File: epstopdf-sys.cfg 2010/07/13 v1.3 Configuration of (r)epstopdf for TeX Liv
e
))
<logos/logo_black.pdf, id=1, 662.475pt x 191.71625pt>
File: logos/logo_black.pdf Graphic file (type pdf)
<use logos/logo_black.pdf>
Package pdftex.def Info: logos/logo_black.pdf  used on input line 12.
(pdftex.def)             Requested size: 662.47339pt x 191.71577pt.
<logos/crest_bw.pdf, id=2, 363.3575pt x 367.3725pt>
File: logos/crest_bw.pdf Graphic file (type pdf)
<use logos/crest_bw.pdf>
Package pdftex.def Info: logos/crest_bw.pdf  used on input line 12.
(pdftex.def)             Requested size: 363.3566pt x 367.37158pt.
LaTeX Font Info:    External font `cmex10' loaded for size
(Font)              <12> on input line 12.
LaTeX Font Info:    External font `cmex10' loaded for size
(Font)              <8> on input line 12.
LaTeX Font Info:    External font `cmex10' loaded for size
(Font)              <6> on input line 12.
LaTeX Font Info:    Trying to load font information for T1+pcr on input line 18
.

(/usr/share/texlive/texmf-dist/tex/latex/psnfss/t1pcr.fd
File: t1pcr.fd 2001/06/04 font definitions for T1/pcr.
)
Overfull \hbox (33.16711pt too wide) in paragraph at lines 32--32
[]  \T1/pcr/m/n/10 [user@bridges2 ~]$ git clone https://github.com/davidhenty/i
hpcss2022.git[] 
 []

[1


Non-PDF special ignored!
<special> ps: /RCSident ($Id: epcc.sty,v 1.1 2013/02/12 15:54:44 dsh Exp $)...
{/var/lib/texmf/fonts/map/pdftex/updmap/pdftex.map} <./logos/logo_black.pdf> <.
/logos/crest_bw.pdf>] [2] (./bridges2-cribsheet.aux) ) 
Here is how much of TeX's memory you used:
 1521 strings out of 481239
 20593 string characters out of 5920377
 261380 words of memory out of 5000000
 16804 multiletter control sequences out of 15000+600000
 554677 words of font info for 49 fonts, out of 8000000 for 9000
 1141 hyphenation exceptions out of 8191
 30i,12n,39p,175b,219s stack positions out of 5000i,500n,10000p,200000b,80000s
{/usr/share/texlive/texmf
-dist/fonts/enc/dvips/base/8r.enc}</usr/share/texlive/texmf-dist/fonts/type1/ur
w/courier/ucrr8a.pfb></usr/share/texlive/texmf-dist/fonts/type1/urw/times/utmb8
a.pfb></usr/share/texlive/texmf-dist/fonts/type1/urw/times/utmr8a.pfb>
Output written on bridges2-cribsheet.pdf (2 pages, 74956 bytes).
PDF statistics:
 28 PDF objects out of 1000 (max. 8388607)
 18 compressed objects within 1 object stream
 0 named destinations out of 1000 (max. 500000)
 11 words of extra memory for PDF output out of 10000 (max. 10000000)

